
> afya-quest-frontend@1.0.0 start
> react-scripts start

(node:48459) [DEP_WEBPACK_DEV_SERVER_ON_AFTER_SETUP_MIDDLEWARE] DeprecationWarning: 'onAfterSetupMiddleware' option is deprecated. Please use the 'setupMiddlewares' option.
(Use `node --trace-deprecation ...` to show where the warning was created)
(node:48459) [DEP_WEBPACK_DEV_SERVER_ON_BEFORE_SETUP_MIDDLEWARE] DeprecationWarning: 'onBeforeSetupMiddleware' option is deprecated. Please use the 'setupMiddlewares' option.
Starting the development server...

Compiled successfully!

You can now view afya-quest-frontend in the browser.

  http://localhost:3000

Note that the development build is not optimized.
To create a production build, use npm run build.

webpack compiled successfully
No issues found.
Compiling...
Compiled successfully!
webpack compiled successfully
No issues found.
Compiling...
Compiled successfully!
webpack compiled successfully
No issues found.
<<<<<<< HEAD
Compiling...
Compiled with warnings.

[eslint] 
src/pages/MapView.tsx
  Line 4:10:   'useNavigate' is defined but never used                                                                             @typescript-eslint/no-unused-vars
  Line 203:6:  React Hook useEffect has a missing dependency: 'defaultPosition'. Either include it or remove the dependency array  react-hooks/exhaustive-deps

Search for the keywords to learn more about each warning.
To ignore, add // eslint-disable-next-line to the line before.

WARNING in [eslint] 
src/pages/MapView.tsx
  Line 4:10:   'useNavigate' is defined but never used                                                                             @typescript-eslint/no-unused-vars
  Line 203:6:  React Hook useEffect has a missing dependency: 'defaultPosition'. Either include it or remove the dependency array  react-hooks/exhaustive-deps

webpack compiled with 1 warning
No issues found.
Compiling...
Compiled with warnings.

[eslint] 
src/pages/MapView.tsx
  Line 4:10:   'useNavigate' is defined but never used                                                                             @typescript-eslint/no-unused-vars
  Line 203:6:  React Hook useEffect has a missing dependency: 'defaultPosition'. Either include it or remove the dependency array  react-hooks/exhaustive-deps

Search for the keywords to learn more about each warning.
To ignore, add // eslint-disable-next-line to the line before.

WARNING in [eslint] 
src/pages/MapView.tsx
  Line 4:10:   'useNavigate' is defined but never used                                                                             @typescript-eslint/no-unused-vars
  Line 203:6:  React Hook useEffect has a missing dependency: 'defaultPosition'. Either include it or remove the dependency array  react-hooks/exhaustive-deps

webpack compiled with 1 warning
No issues found.
Compiling...
Compiled with warnings.

[eslint] 
src/pages/MapView.tsx
  Line 4:10:   'useNavigate' is defined but never used                                                                             @typescript-eslint/no-unused-vars
  Line 203:6:  React Hook useEffect has a missing dependency: 'defaultPosition'. Either include it or remove the dependency array  react-hooks/exhaustive-deps

Search for the keywords to learn more about each warning.
To ignore, add // eslint-disable-next-line to the line before.

WARNING in [eslint] 
src/pages/MapView.tsx
  Line 4:10:   'useNavigate' is defined but never used                                                                             @typescript-eslint/no-unused-vars
  Line 203:6:  React Hook useEffect has a missing dependency: 'defaultPosition'. Either include it or remove the dependency array  react-hooks/exhaustive-deps

webpack compiled with 1 warning
No issues found.
Compiling...
Compiled with warnings.

[eslint] 
src/pages/Dashboard.tsx
  Line 23:10:  'hasReflected' is assigned a value but never used  @typescript-eslint/no-unused-vars

src/pages/MapView.tsx
  Line 4:10:   'useNavigate' is defined but never used                                                                             @typescript-eslint/no-unused-vars
  Line 203:6:  React Hook useEffect has a missing dependency: 'defaultPosition'. Either include it or remove the dependency array  react-hooks/exhaustive-deps

Search for the keywords to learn more about each warning.
To ignore, add // eslint-disable-next-line to the line before.

WARNING in [eslint] 
src/pages/Dashboard.tsx
  Line 23:10:  'hasReflected' is assigned a value but never used  @typescript-eslint/no-unused-vars

src/pages/MapView.tsx
  Line 4:10:   'useNavigate' is defined but never used                                                                             @typescript-eslint/no-unused-vars
  Line 203:6:  React Hook useEffect has a missing dependency: 'defaultPosition'. Either include it or remove the dependency array  react-hooks/exhaustive-deps

webpack compiled with 1 warning
No issues found.
Compiling...
Compiled with warnings.

[eslint] 
src/pages/Dashboard.tsx
  Line 23:10:  'hasReflected' is assigned a value but never used  @typescript-eslint/no-unused-vars

src/pages/MapView.tsx
  Line 4:10:   'useNavigate' is defined but never used                                                                             @typescript-eslint/no-unused-vars
  Line 203:6:  React Hook useEffect has a missing dependency: 'defaultPosition'. Either include it or remove the dependency array  react-hooks/exhaustive-deps

Search for the keywords to learn more about each warning.
To ignore, add // eslint-disable-next-line to the line before.

WARNING in [eslint] 
src/pages/Dashboard.tsx
  Line 23:10:  'hasReflected' is assigned a value but never used  @typescript-eslint/no-unused-vars

src/pages/MapView.tsx
  Line 4:10:   'useNavigate' is defined but never used                                                                             @typescript-eslint/no-unused-vars
  Line 203:6:  React Hook useEffect has a missing dependency: 'defaultPosition'. Either include it or remove the dependency array  react-hooks/exhaustive-deps

webpack compiled with 1 warning
No issues found.
Compiling...
Compiled with warnings.

[eslint] 
src/pages/Dashboard.tsx
  Line 23:10:  'hasReflected' is assigned a value but never used  @typescript-eslint/no-unused-vars

src/pages/MapView.tsx
  Line 4:10:   'useNavigate' is defined but never used                                                                             @typescript-eslint/no-unused-vars
  Line 203:6:  React Hook useEffect has a missing dependency: 'defaultPosition'. Either include it or remove the dependency array  react-hooks/exhaustive-deps

src/pages/Profile.tsx
  Line 39:10:  'dailyReflections' is assigned a value but never used             @typescript-eslint/no-unused-vars
  Line 49:9:   'hasReflectedToday' is assigned a value but never used            @typescript-eslint/no-unused-vars
  Line 116:9:  'handleDailyReflectionSubmit' is assigned a value but never used  @typescript-eslint/no-unused-vars
  Line 157:9:  'handleDeleteDailyReflection' is assigned a value but never used  @typescript-eslint/no-unused-vars

Search for the keywords to learn more about each warning.
To ignore, add // eslint-disable-next-line to the line before.

WARNING in [eslint] 
src/pages/Dashboard.tsx
  Line 23:10:  'hasReflected' is assigned a value but never used  @typescript-eslint/no-unused-vars

src/pages/MapView.tsx
  Line 4:10:   'useNavigate' is defined but never used                                                                             @typescript-eslint/no-unused-vars
  Line 203:6:  React Hook useEffect has a missing dependency: 'defaultPosition'. Either include it or remove the dependency array  react-hooks/exhaustive-deps

src/pages/Profile.tsx
  Line 39:10:  'dailyReflections' is assigned a value but never used             @typescript-eslint/no-unused-vars
  Line 49:9:   'hasReflectedToday' is assigned a value but never used            @typescript-eslint/no-unused-vars
  Line 116:9:  'handleDailyReflectionSubmit' is assigned a value but never used  @typescript-eslint/no-unused-vars
  Line 157:9:  'handleDeleteDailyReflection' is assigned a value but never used  @typescript-eslint/no-unused-vars

webpack compiled with 1 warning
No issues found.
Compiling...
Compiled with warnings.

[eslint] 
src/pages/MapView.tsx
  Line 4:10:   'useNavigate' is defined but never used                                                                             @typescript-eslint/no-unused-vars
  Line 203:6:  React Hook useEffect has a missing dependency: 'defaultPosition'. Either include it or remove the dependency array  react-hooks/exhaustive-deps

src/pages/Profile.tsx
  Line 39:10:  'dailyReflections' is assigned a value but never used             @typescript-eslint/no-unused-vars
  Line 49:9:   'hasReflectedToday' is assigned a value but never used            @typescript-eslint/no-unused-vars
  Line 116:9:  'handleDailyReflectionSubmit' is assigned a value but never used  @typescript-eslint/no-unused-vars
  Line 157:9:  'handleDeleteDailyReflection' is assigned a value but never used  @typescript-eslint/no-unused-vars

Search for the keywords to learn more about each warning.
To ignore, add // eslint-disable-next-line to the line before.

WARNING in [eslint] 
src/pages/MapView.tsx
  Line 4:10:   'useNavigate' is defined but never used                                                                             @typescript-eslint/no-unused-vars
  Line 203:6:  React Hook useEffect has a missing dependency: 'defaultPosition'. Either include it or remove the dependency array  react-hooks/exhaustive-deps

src/pages/Profile.tsx
  Line 39:10:  'dailyReflections' is assigned a value but never used             @typescript-eslint/no-unused-vars
  Line 49:9:   'hasReflectedToday' is assigned a value but never used            @typescript-eslint/no-unused-vars
  Line 116:9:  'handleDailyReflectionSubmit' is assigned a value but never used  @typescript-eslint/no-unused-vars
  Line 157:9:  'handleDeleteDailyReflection' is assigned a value but never used  @typescript-eslint/no-unused-vars

webpack compiled with 1 warning
No issues found.
Compiling...
Compiled with warnings.

[eslint] 
src/pages/MapView.tsx
  Line 4:10:   'useNavigate' is defined but never used                                                                             @typescript-eslint/no-unused-vars
  Line 203:6:  React Hook useEffect has a missing dependency: 'defaultPosition'. Either include it or remove the dependency array  react-hooks/exhaustive-deps

src/pages/Profile.tsx
  Line 33:10:  'dailyReflections' is assigned a value but never used             @typescript-eslint/no-unused-vars
  Line 43:9:   'hasReflectedToday' is assigned a value but never used            @typescript-eslint/no-unused-vars
  Line 110:9:  'handleDailyReflectionSubmit' is assigned a value but never used  @typescript-eslint/no-unused-vars
  Line 151:9:  'handleDeleteDailyReflection' is assigned a value but never used  @typescript-eslint/no-unused-vars

Search for the keywords to learn more about each warning.
To ignore, add // eslint-disable-next-line to the line before.

WARNING in [eslint] 
src/pages/MapView.tsx
  Line 4:10:   'useNavigate' is defined but never used                                                                             @typescript-eslint/no-unused-vars
  Line 203:6:  React Hook useEffect has a missing dependency: 'defaultPosition'. Either include it or remove the dependency array  react-hooks/exhaustive-deps

src/pages/Profile.tsx
  Line 33:10:  'dailyReflections' is assigned a value but never used             @typescript-eslint/no-unused-vars
  Line 43:9:   'hasReflectedToday' is assigned a value but never used            @typescript-eslint/no-unused-vars
  Line 110:9:  'handleDailyReflectionSubmit' is assigned a value but never used  @typescript-eslint/no-unused-vars
  Line 151:9:  'handleDeleteDailyReflection' is assigned a value but never used  @typescript-eslint/no-unused-vars

webpack compiled with 1 warning
ERROR in src/pages/Profile.tsx:33:60
TS2304: Cannot find name 'DailyReflection'.
    31 |   
    32 |   // Reflection states
  > 33 |   const [dailyReflections, setDailyReflections] = useState<DailyReflection[]>([]);
       |                                                            ^^^^^^^^^^^^^^^
    34 |   const [weeklyReflections, setWeeklyReflections] = useState<WeeklyReflection[]>([]);
    35 |   const [currentDailyReflection, setCurrentDailyReflection] = useState('');
    36 |   const [weeklyFormData, setWeeklyFormData] = useState({

ERROR in src/pages/Profile.tsx:42:26
TS2552: Cannot find name 'getTodaysQuestion'. Did you mean 'todaysQuestion'?
    40 |   });
    41 |
  > 42 |   const todaysQuestion = getTodaysQuestion();
       |                          ^^^^^^^^^^^^^^^^^
    43 |   const hasReflectedToday = hasCompletedTodaysReflection();
    44 |   const hasReflectedThisWeek = hasCompletedThisWeeksReflection();
    45 |

ERROR in src/pages/Profile.tsx:43:29
TS2552: Cannot find name 'hasCompletedTodaysReflection'. Did you mean 'hasCompletedThisWeeksReflection'?
    41 |
    42 |   const todaysQuestion = getTodaysQuestion();
  > 43 |   const hasReflectedToday = hasCompletedTodaysReflection();
       |                             ^^^^^^^^^^^^^^^^^^^^^^^^^^^^
    44 |   const hasReflectedThisWeek = hasCompletedThisWeeksReflection();
    45 |
    46 |   const userInfo = {

ERROR in src/pages/Profile.tsx:68:25
TS2552: Cannot find name 'getDailyReflections'. Did you mean 'setDailyReflections'?
    66 |     
    67 |     // Load reflections on component mount
  > 68 |     setDailyReflections(getDailyReflections());
       |                         ^^^^^^^^^^^^^^^^^^^
    69 |     setWeeklyReflections(getWeeklyReflections());
    70 |   }, [location.search]);
    71 |

ERROR in src/pages/Profile.tsx:76:27
TS2552: Cannot find name 'getDailyReflections'. Did you mean 'setDailyReflections'?
    74 |       fetchPastReports();
    75 |     } else if (activeTab === 'daily-reflections') {
  > 76 |       setDailyReflections(getDailyReflections());
       |                           ^^^^^^^^^^^^^^^^^^^
    77 |     } else if (activeTab === 'weekly-reflections') {
    78 |       setWeeklyReflections(getWeeklyReflections());
    79 |     }

ERROR in src/pages/Profile.tsx:117:7
TS2552: Cannot find name 'saveDailyReflection'. Did you mean 'setDailyReflections'?
    115 |     
    116 |     try {
  > 117 |       saveDailyReflection(todaysQuestion, currentDailyReflection.trim());
        |       ^^^^^^^^^^^^^^^^^^^
    118 |       setCurrentDailyReflection('');
    119 |       setDailyReflections(getDailyReflections());
    120 |       alert('Daily reflection saved successfully!');

ERROR in src/pages/Profile.tsx:119:27
TS2552: Cannot find name 'getDailyReflections'. Did you mean 'setDailyReflections'?
    117 |       saveDailyReflection(todaysQuestion, currentDailyReflection.trim());
    118 |       setCurrentDailyReflection('');
  > 119 |       setDailyReflections(getDailyReflections());
        |                           ^^^^^^^^^^^^^^^^^^^
    120 |       alert('Daily reflection saved successfully!');
    121 |       
    122 |       // Refresh the dashboard if user came from there

ERROR in src/pages/Profile.tsx:153:7
TS2552: Cannot find name 'deleteDailyReflection'. Did you mean 'setDailyReflections'?
    151 |   const handleDeleteDailyReflection = (reflectionId: string) => {
    152 |     if (window.confirm('Are you sure you want to delete this reflection?')) {
  > 153 |       deleteDailyReflection(reflectionId);
        |       ^^^^^^^^^^^^^^^^^^^^^
    154 |       setDailyReflections(getDailyReflections());
    155 |     }
    156 |   };

ERROR in src/pages/Profile.tsx:154:27
TS2552: Cannot find name 'getDailyReflections'. Did you mean 'setDailyReflections'?
    152 |     if (window.confirm('Are you sure you want to delete this reflection?')) {
    153 |       deleteDailyReflection(reflectionId);
  > 154 |       setDailyReflections(getDailyReflections());
        |                           ^^^^^^^^^^^^^^^^^^^
    155 |     }
    156 |   };
    157 |

Compiling...
Compiled with warnings.

[eslint] 
src/pages/MapView.tsx
  Line 4:10:   'useNavigate' is defined but never used                                                                             @typescript-eslint/no-unused-vars
  Line 203:6:  React Hook useEffect has a missing dependency: 'defaultPosition'. Either include it or remove the dependency array  react-hooks/exhaustive-deps

src/pages/Profile.tsx
  Line 106:9:  'handleDailyReflectionSubmit' is assigned a value but never used  @typescript-eslint/no-unused-vars
  Line 147:9:  'handleDeleteDailyReflection' is assigned a value but never used  @typescript-eslint/no-unused-vars

Search for the keywords to learn more about each warning.
To ignore, add // eslint-disable-next-line to the line before.

WARNING in [eslint] 
src/pages/MapView.tsx
  Line 4:10:   'useNavigate' is defined but never used                                                                             @typescript-eslint/no-unused-vars
  Line 203:6:  React Hook useEffect has a missing dependency: 'defaultPosition'. Either include it or remove the dependency array  react-hooks/exhaustive-deps

src/pages/Profile.tsx
  Line 106:9:  'handleDailyReflectionSubmit' is assigned a value but never used  @typescript-eslint/no-unused-vars
  Line 147:9:  'handleDeleteDailyReflection' is assigned a value but never used  @typescript-eslint/no-unused-vars

webpack compiled with 1 warning
ERROR in src/pages/Profile.tsx:64:5
TS2552: Cannot find name 'setDailyReflections'. Did you mean 'setWeeklyReflections'?
    62 |     
    63 |     // Load reflections on component mount
  > 64 |     setDailyReflections(getDailyReflections());
       |     ^^^^^^^^^^^^^^^^^^^
    65 |     setWeeklyReflections(getWeeklyReflections());
    66 |   }, [location.search]);
    67 |

ERROR in src/pages/Profile.tsx:64:25
TS2552: Cannot find name 'getDailyReflections'. Did you mean 'getWeeklyReflections'?
    62 |     
    63 |     // Load reflections on component mount
  > 64 |     setDailyReflections(getDailyReflections());
       |                         ^^^^^^^^^^^^^^^^^^^
    65 |     setWeeklyReflections(getWeeklyReflections());
    66 |   }, [location.search]);
    67 |

ERROR in src/pages/Profile.tsx:71:16
TS2367: This comparison appears to be unintentional because the types '"overview" | "achievements" | "settings" | "weekly-reflections"' and '"daily-reflections"' have no overlap.
    69 |     if (activeTab === 'reports') {
    70 |       fetchPastReports();
  > 71 |     } else if (activeTab === 'daily-reflections') {
       |                ^^^^^^^^^^^^^^^^^^^^^^^^^^^^^^^^^
    72 |       setDailyReflections(getDailyReflections());
    73 |     } else if (activeTab === 'weekly-reflections') {
    74 |       setWeeklyReflections(getWeeklyReflections());

ERROR in src/pages/Profile.tsx:72:7
TS2552: Cannot find name 'setDailyReflections'. Did you mean 'setWeeklyReflections'?
    70 |       fetchPastReports();
    71 |     } else if (activeTab === 'daily-reflections') {
  > 72 |       setDailyReflections(getDailyReflections());
       |       ^^^^^^^^^^^^^^^^^^^
    73 |     } else if (activeTab === 'weekly-reflections') {
    74 |       setWeeklyReflections(getWeeklyReflections());
    75 |     }

ERROR in src/pages/Profile.tsx:72:27
TS2552: Cannot find name 'getDailyReflections'. Did you mean 'getWeeklyReflections'?
    70 |       fetchPastReports();
    71 |     } else if (activeTab === 'daily-reflections') {
  > 72 |       setDailyReflections(getDailyReflections());
       |                           ^^^^^^^^^^^^^^^^^^^
    73 |     } else if (activeTab === 'weekly-reflections') {
    74 |       setWeeklyReflections(getWeeklyReflections());
    75 |     }

ERROR in src/pages/Profile.tsx:107:10
TS2304: Cannot find name 'currentDailyReflection'.
    105 |
    106 |   const handleDailyReflectionSubmit = () => {
  > 107 |     if (!currentDailyReflection.trim()) {
        |          ^^^^^^^^^^^^^^^^^^^^^^
    108 |       alert('Please enter your reflection before submitting.');
    109 |       return;
    110 |     }

ERROR in src/pages/Profile.tsx:113:7
TS2552: Cannot find name 'saveDailyReflection'. Did you mean 'saveWeeklyReflection'?
    111 |     
    112 |     try {
  > 113 |       saveDailyReflection(todaysQuestion, currentDailyReflection.trim());
        |       ^^^^^^^^^^^^^^^^^^^
    114 |       setCurrentDailyReflection('');
    115 |       setDailyReflections(getDailyReflections());
    116 |       alert('Daily reflection saved successfully!');

ERROR in src/pages/Profile.tsx:113:27
TS2304: Cannot find name 'todaysQuestion'.
    111 |     
    112 |     try {
  > 113 |       saveDailyReflection(todaysQuestion, currentDailyReflection.trim());
        |                           ^^^^^^^^^^^^^^
    114 |       setCurrentDailyReflection('');
    115 |       setDailyReflections(getDailyReflections());
    116 |       alert('Daily reflection saved successfully!');

ERROR in src/pages/Profile.tsx:113:43
TS2304: Cannot find name 'currentDailyReflection'.
    111 |     
    112 |     try {
  > 113 |       saveDailyReflection(todaysQuestion, currentDailyReflection.trim());
        |                                           ^^^^^^^^^^^^^^^^^^^^^^
    114 |       setCurrentDailyReflection('');
    115 |       setDailyReflections(getDailyReflections());
    116 |       alert('Daily reflection saved successfully!');

ERROR in src/pages/Profile.tsx:114:7
TS2304: Cannot find name 'setCurrentDailyReflection'.
    112 |     try {
    113 |       saveDailyReflection(todaysQuestion, currentDailyReflection.trim());
  > 114 |       setCurrentDailyReflection('');
        |       ^^^^^^^^^^^^^^^^^^^^^^^^^
    115 |       setDailyReflections(getDailyReflections());
    116 |       alert('Daily reflection saved successfully!');
    117 |       

ERROR in src/pages/Profile.tsx:115:7
TS2552: Cannot find name 'setDailyReflections'. Did you mean 'setWeeklyReflections'?
    113 |       saveDailyReflection(todaysQuestion, currentDailyReflection.trim());
    114 |       setCurrentDailyReflection('');
  > 115 |       setDailyReflections(getDailyReflections());
        |       ^^^^^^^^^^^^^^^^^^^
    116 |       alert('Daily reflection saved successfully!');
    117 |       
    118 |       // Refresh the dashboard if user came from there

ERROR in src/pages/Profile.tsx:115:27
TS2304: Cannot find name 'getDailyReflections'.
    113 |       saveDailyReflection(todaysQuestion, currentDailyReflection.trim());
    114 |       setCurrentDailyReflection('');
  > 115 |       setDailyReflections(getDailyReflections());
        |                           ^^^^^^^^^^^^^^^^^^^
    116 |       alert('Daily reflection saved successfully!');
    117 |       
    118 |       // Refresh the dashboard if user came from there

ERROR in src/pages/Profile.tsx:149:7
TS2304: Cannot find name 'deleteDailyReflection'.
    147 |   const handleDeleteDailyReflection = (reflectionId: string) => {
    148 |     if (window.confirm('Are you sure you want to delete this reflection?')) {
  > 149 |       deleteDailyReflection(reflectionId);
        |       ^^^^^^^^^^^^^^^^^^^^^
    150 |       setDailyReflections(getDailyReflections());
    151 |     }
    152 |   };

ERROR in src/pages/Profile.tsx:150:7
TS2304: Cannot find name 'setDailyReflections'.
    148 |     if (window.confirm('Are you sure you want to delete this reflection?')) {
    149 |       deleteDailyReflection(reflectionId);
  > 150 |       setDailyReflections(getDailyReflections());
        |       ^^^^^^^^^^^^^^^^^^^
    151 |     }
    152 |   };
    153 |

ERROR in src/pages/Profile.tsx:150:27
TS2304: Cannot find name 'getDailyReflections'.
    148 |     if (window.confirm('Are you sure you want to delete this reflection?')) {
    149 |       deleteDailyReflection(reflectionId);
  > 150 |       setDailyReflections(getDailyReflections());
        |                           ^^^^^^^^^^^^^^^^^^^
    151 |     }
    152 |   };
    153 |

Compiling...
Compiled with warnings.

[eslint] 
src/pages/MapView.tsx
  Line 4:10:   'useNavigate' is defined but never used                                                                             @typescript-eslint/no-unused-vars
  Line 203:6:  React Hook useEffect has a missing dependency: 'defaultPosition'. Either include it or remove the dependency array  react-hooks/exhaustive-deps

src/pages/Profile.tsx
  Line 103:9:  'handleDailyReflectionSubmit' is assigned a value but never used  @typescript-eslint/no-unused-vars
  Line 144:9:  'handleDeleteDailyReflection' is assigned a value but never used  @typescript-eslint/no-unused-vars

Search for the keywords to learn more about each warning.
To ignore, add // eslint-disable-next-line to the line before.

WARNING in [eslint] 
src/pages/MapView.tsx
  Line 4:10:   'useNavigate' is defined but never used                                                                             @typescript-eslint/no-unused-vars
  Line 203:6:  React Hook useEffect has a missing dependency: 'defaultPosition'. Either include it or remove the dependency array  react-hooks/exhaustive-deps

src/pages/Profile.tsx
  Line 103:9:  'handleDailyReflectionSubmit' is assigned a value but never used  @typescript-eslint/no-unused-vars
  Line 144:9:  'handleDeleteDailyReflection' is assigned a value but never used  @typescript-eslint/no-unused-vars

webpack compiled with 1 warning
ERROR in src/pages/Profile.tsx:104:10
TS2304: Cannot find name 'currentDailyReflection'.
    102 |
    103 |   const handleDailyReflectionSubmit = () => {
  > 104 |     if (!currentDailyReflection.trim()) {
        |          ^^^^^^^^^^^^^^^^^^^^^^
    105 |       alert('Please enter your reflection before submitting.');
    106 |       return;
    107 |     }

ERROR in src/pages/Profile.tsx:110:7
TS2552: Cannot find name 'saveDailyReflection'. Did you mean 'saveWeeklyReflection'?
    108 |     
    109 |     try {
  > 110 |       saveDailyReflection(todaysQuestion, currentDailyReflection.trim());
        |       ^^^^^^^^^^^^^^^^^^^
    111 |       setCurrentDailyReflection('');
    112 |       setDailyReflections(getDailyReflections());
    113 |       alert('Daily reflection saved successfully!');

ERROR in src/pages/Profile.tsx:110:27
TS2304: Cannot find name 'todaysQuestion'.
    108 |     
    109 |     try {
  > 110 |       saveDailyReflection(todaysQuestion, currentDailyReflection.trim());
        |                           ^^^^^^^^^^^^^^
    111 |       setCurrentDailyReflection('');
    112 |       setDailyReflections(getDailyReflections());
    113 |       alert('Daily reflection saved successfully!');

ERROR in src/pages/Profile.tsx:110:43
TS2304: Cannot find name 'currentDailyReflection'.
    108 |     
    109 |     try {
  > 110 |       saveDailyReflection(todaysQuestion, currentDailyReflection.trim());
        |                                           ^^^^^^^^^^^^^^^^^^^^^^
    111 |       setCurrentDailyReflection('');
    112 |       setDailyReflections(getDailyReflections());
    113 |       alert('Daily reflection saved successfully!');

ERROR in src/pages/Profile.tsx:111:7
TS2304: Cannot find name 'setCurrentDailyReflection'.
    109 |     try {
    110 |       saveDailyReflection(todaysQuestion, currentDailyReflection.trim());
  > 111 |       setCurrentDailyReflection('');
        |       ^^^^^^^^^^^^^^^^^^^^^^^^^
    112 |       setDailyReflections(getDailyReflections());
    113 |       alert('Daily reflection saved successfully!');
    114 |       

ERROR in src/pages/Profile.tsx:112:7
TS2552: Cannot find name 'setDailyReflections'. Did you mean 'setWeeklyReflections'?
    110 |       saveDailyReflection(todaysQuestion, currentDailyReflection.trim());
    111 |       setCurrentDailyReflection('');
  > 112 |       setDailyReflections(getDailyReflections());
        |       ^^^^^^^^^^^^^^^^^^^
    113 |       alert('Daily reflection saved successfully!');
    114 |       
    115 |       // Refresh the dashboard if user came from there

ERROR in src/pages/Profile.tsx:112:27
TS2552: Cannot find name 'getDailyReflections'. Did you mean 'getWeeklyReflections'?
    110 |       saveDailyReflection(todaysQuestion, currentDailyReflection.trim());
    111 |       setCurrentDailyReflection('');
  > 112 |       setDailyReflections(getDailyReflections());
        |                           ^^^^^^^^^^^^^^^^^^^
    113 |       alert('Daily reflection saved successfully!');
    114 |       
    115 |       // Refresh the dashboard if user came from there

ERROR in src/pages/Profile.tsx:146:7
TS2552: Cannot find name 'deleteDailyReflection'. Did you mean 'handleDeleteDailyReflection'?
    144 |   const handleDeleteDailyReflection = (reflectionId: string) => {
    145 |     if (window.confirm('Are you sure you want to delete this reflection?')) {
  > 146 |       deleteDailyReflection(reflectionId);
        |       ^^^^^^^^^^^^^^^^^^^^^
    147 |       setDailyReflections(getDailyReflections());
    148 |     }
    149 |   };

ERROR in src/pages/Profile.tsx:147:7
TS2552: Cannot find name 'setDailyReflections'. Did you mean 'setWeeklyReflections'?
    145 |     if (window.confirm('Are you sure you want to delete this reflection?')) {
    146 |       deleteDailyReflection(reflectionId);
  > 147 |       setDailyReflections(getDailyReflections());
        |       ^^^^^^^^^^^^^^^^^^^
    148 |     }
    149 |   };
    150 |

ERROR in src/pages/Profile.tsx:147:27
TS2552: Cannot find name 'getDailyReflections'. Did you mean 'getWeeklyReflections'?
    145 |     if (window.confirm('Are you sure you want to delete this reflection?')) {
    146 |       deleteDailyReflection(reflectionId);
  > 147 |       setDailyReflections(getDailyReflections());
        |                           ^^^^^^^^^^^^^^^^^^^
    148 |     }
    149 |   };
    150 |

Compiling...
Compiled with warnings.

[eslint] 
src/pages/MapView.tsx
  Line 4:10:   'useNavigate' is defined but never used                                                                             @typescript-eslint/no-unused-vars
  Line 203:6:  React Hook useEffect has a missing dependency: 'defaultPosition'. Either include it or remove the dependency array  react-hooks/exhaustive-deps

Search for the keywords to learn more about each warning.
To ignore, add // eslint-disable-next-line to the line before.

WARNING in [eslint] 
src/pages/MapView.tsx
  Line 4:10:   'useNavigate' is defined but never used                                                                             @typescript-eslint/no-unused-vars
  Line 203:6:  React Hook useEffect has a missing dependency: 'defaultPosition'. Either include it or remove the dependency array  react-hooks/exhaustive-deps

webpack compiled with 1 warning
No issues found.
Compiling...
Compiled with warnings.

[eslint] 
src/pages/MapView.tsx
  Line 4:10:   'useNavigate' is defined but never used                                                                             @typescript-eslint/no-unused-vars
  Line 203:6:  React Hook useEffect has a missing dependency: 'defaultPosition'. Either include it or remove the dependency array  react-hooks/exhaustive-deps

Search for the keywords to learn more about each warning.
To ignore, add // eslint-disable-next-line to the line before.

WARNING in [eslint] 
src/pages/MapView.tsx
  Line 4:10:   'useNavigate' is defined but never used                                                                             @typescript-eslint/no-unused-vars
  Line 203:6:  React Hook useEffect has a missing dependency: 'defaultPosition'. Either include it or remove the dependency array  react-hooks/exhaustive-deps

webpack compiled with 1 warning
No issues found.
Compiling...
Compiled with warnings.

[eslint] 
src/pages/MapView.tsx
  Line 4:10:   'useNavigate' is defined but never used                                                                             @typescript-eslint/no-unused-vars
  Line 203:6:  React Hook useEffect has a missing dependency: 'defaultPosition'. Either include it or remove the dependency array  react-hooks/exhaustive-deps

Search for the keywords to learn more about each warning.
To ignore, add // eslint-disable-next-line to the line before.

WARNING in [eslint] 
src/pages/MapView.tsx
  Line 4:10:   'useNavigate' is defined but never used                                                                             @typescript-eslint/no-unused-vars
  Line 203:6:  React Hook useEffect has a missing dependency: 'defaultPosition'. Either include it or remove the dependency array  react-hooks/exhaustive-deps

webpack compiled with 1 warning
No issues found.
=======
>>>>>>> parent of 5552a96 (login)
